2021-04-12T16:42:46+00:00 INFO Generating payment form for order 203. Notify URL: http://wordpress.loc:8889/wc-api/WC_Gateway_Paypal/
2021-04-12T16:42:46+00:00 INFO PayPal Request Args for order 203: Array
(
    [cmd] => _cart
    [business] => acubik@gmail.com
    [no_note] => 1
    [currency_code] => RUB
    [charset] => utf-8
    [rm] => 1
    [upload] => 1
    [return] => http://wordpress.loc:8889/checkout/order-received/203/?key=wc_order_bLsW4jXneozAN&utm_nooverride=1
    [cancel_return] => http://wordpress.loc:8889/cart/?cancel_order=true&order=wc_order_bLsW4jXneozAN&order_id=203&redirect&_wpnonce=4d7dc7dcb5
    [image_url] => 
    [paymentaction] => sale
    [invoice] => WC-203
    [custom] => {"order_id":203,"order_key":"wc_order_bLsW4jXneozAN"}
    [notify_url] => http://wordpress.loc:8889/wc-api/WC_Gateway_Paypal/
    [first_name] => ***
    [last_name] => ***
    [address1] => ***
    [address2] => ***
    [city] => ***
    [state] => ***
    [zip] => ***
    [country] => ***
    [email] => ***@***
    [night_phone_a] => ***
    [night_phone_b] => ***
    [address_override] => 0
    [no_shipping] => 0
    [tax_cart] => 0.00
    [item_name_1] => Блуза Бонни
    [quantity_1] => 1
    [amount_1] => 858
    [item_number_1] => dghw_21668
    [bn] => WooThemes_Cart
)

